<?xml version="1.0" encoding="UTF-8"?>
<!-- Generated by org.testng.reporters.JUnitXMLReporter -->
<testsuite hostname="DESKTOP-QIVP306" ignored="0" name="Test" tests="5" failures="1" timestamp="12 Apr 2019 18:20:29 GMT" time="0.12" errors="0">
  <testcase name="TestFB" time="0.015" classname="TestNG.Testng3">
    <failure type="java.lang.AssertionError" message="expected [true] but found [false]">
      <![CDATA[java.lang.AssertionError: expected [true] but found [false]
at TestNG.Testng3.TestFB(Testng3.java:11)
... Removed 29 stack frames]]>
    </failure>
  </testcase> <!-- TestFB -->
  <testcase name="TestTwiterX" time="0.009" classname="TestNG.TestNg2"/>
  <testcase name="TestFB2" time="0.0" classname="TestNG.TestNg1"/>
  <testcase name="TestFB" time="0.0" classname="TestNG.TestNg1"/>
  <testcase name="TestFB1" time="0.0" classname="TestNG.TestNg1"/>
</testsuite> <!-- Test -->
