<?xml version="1.0" encoding="UTF-8"?>
<!-- Generated by org.testng.reporters.JUnitXMLReporter -->
<testsuite hostname="DESKTOP-QIVP306" ignored="0" name="Test(failed)" tests="1" failures="1" timestamp="05 Apr 2019 18:39:55 GMT" time="0.066" errors="0">
  <testcase name="TestFB" time="0.009" classname="TestNG.Testng3">
    <failure type="java.lang.AssertionError" message="expected [true] but found [false]">
      <![CDATA[java.lang.AssertionError: expected [true] but found [false]
at TestNG.Testng3.TestFB(Testng3.java:11)
... Removed 29 stack frames]]>
    </failure>
  </testcase> <!-- TestFB -->
</testsuite> <!-- Test(failed) -->
