<?xml version="1.0" encoding="UTF-8"?>
<testng-results skipped="0" failed="0" ignored="0" total="1" passed="1">
  <reporter-output>
  </reporter-output>
  <suite name="Default suite" duration-ms="86185" started-at="2019-04-15T07:12:49Z" finished-at="2019-04-15T07:14:15Z">
    <groups>
    </groups>
    <test name="Default test" duration-ms="86185" started-at="2019-04-15T07:12:49Z" finished-at="2019-04-15T07:14:15Z">
      <class name="DDT.NaukriUpdate">
        <test-method status="PASS" signature="t1()[pri:0, instance:DDT.NaukriUpdate@343f4d3d]" name="t1" duration-ms="85953" started-at="2019-04-15T07:12:49Z" finished-at="2019-04-15T07:14:15Z">
          <reporter-output>
          </reporter-output>
        </test-method> <!-- t1 -->
      </class> <!-- DDT.NaukriUpdate -->
    </test> <!-- Default test -->
  </suite> <!-- Default suite -->
</testng-results>
